DEBUG - 2026-06-15 03:04:56 --> Session: Class initialized using 'CodeIgniter\Session\Handlers\FileHandler' driver.
DEBUG - 2026-06-15 03:05:10 --> Session: Class initialized using 'CodeIgniter\Session\Handlers\FileHandler' driver.
DEBUG - 2026-06-15 03:05:10 --> Session: Class initialized using 'CodeIgniter\Session\Handlers\FileHandler' driver.
DEBUG - 2026-06-15 03:06:45 --> Session: Class initialized using 'CodeIgniter\Session\Handlers\FileHandler' driver.
DEBUG - 2026-06-15 03:06:45 --> Session: Class initialized using 'CodeIgniter\Session\Handlers\FileHandler' driver.
DEBUG - 2026-06-15 03:13:49 --> Session: Class initialized using 'CodeIgniter\Session\Handlers\FileHandler' driver.
DEBUG - 2026-06-15 03:13:49 --> Session: Class initialized using 'CodeIgniter\Session\Handlers\FileHandler' driver.
DEBUG - 2026-06-15 03:36:36 --> Session: Class initialized using 'CodeIgniter\Session\Handlers\FileHandler' driver.
DEBUG - 2026-06-15 03:37:47 --> Session: Class initialized using 'CodeIgniter\Session\Handlers\FileHandler' driver.
DEBUG - 2026-06-15 03:38:08 --> Session: Class initialized using 'CodeIgniter\Session\Handlers\FileHandler' driver.
DEBUG - 2026-06-15 03:42:05 --> Session: Class initialized using 'CodeIgniter\Session\Handlers\FileHandler' driver.
DEBUG - 2026-06-15 03:46:36 --> Session: Class initialized using 'CodeIgniter\Session\Handlers\FileHandler' driver.
CRITICAL - 2026-06-15 03:46:36 --> Error: Call to undefined function form_open_multipart()
[Method: GET, Route: produk]
in APPPATH\Views\produk\modal_add.php on line 9.
 1 SYSTEMPATH\View\View.php(240): include()
 2 SYSTEMPATH\View\View.php(243): CodeIgniter\View\View->CodeIgniter\View\{closure}()
 3 SYSTEMPATH\View\View.php(489): CodeIgniter\View\View->render('produk/modal_add', null, true)
 4 APPPATH\Views\produk\index.php(58): CodeIgniter\View\View->include('produk/modal_add')
 5 SYSTEMPATH\View\View.php(240): include('C:\\xampp\\htdocs\\ci-nurantik\\app\\Views\\produk\\index.php')
 6 SYSTEMPATH\View\View.php(243): CodeIgniter\View\View->CodeIgniter\View\{closure}()
 7 SYSTEMPATH\Common.php(1254): CodeIgniter\View\View->render('produk/index', [], true)
 8 APPPATH\Controllers\ProdukController.php(22): view('produk/index', [...])
 9 SYSTEMPATH\CodeIgniter.php(974): App\Controllers\ProdukController->index()
10 SYSTEMPATH\CodeIgniter.php(520): CodeIgniter\CodeIgniter->runController(Object(App\Controllers\ProdukController))
11 SYSTEMPATH\CodeIgniter.php(363): CodeIgniter\CodeIgniter->handleRequest(null, Object(Config\Cache), false)
12 SYSTEMPATH\Boot.php(417): CodeIgniter\CodeIgniter->run()
13 SYSTEMPATH\Boot.php(68): CodeIgniter\Boot::runCodeIgniter(Object(CodeIgniter\CodeIgniter))
14 FCPATH\index.php(59): CodeIgniter\Boot::bootWeb(Object(Config\Paths))
15 SYSTEMPATH\rewrite.php(44): require_once('C:\\xampp\\htdocs\\ci-nurantik\\public\\index.php')
DEBUG - 2026-06-15 03:47:33 --> Session: Class initialized using 'CodeIgniter\Session\Handlers\FileHandler' driver.
DEBUG - 2026-06-15 04:01:40 --> Session: Class initialized using 'CodeIgniter\Session\Handlers\FileHandler' driver.
DEBUG - 2026-06-15 04:02:31 --> Session: Class initialized using 'CodeIgniter\Session\Handlers\FileHandler' driver.
DEBUG - 2026-06-15 04:02:32 --> Session: Class initialized using 'CodeIgniter\Session\Handlers\FileHandler' driver.
DEBUG - 2026-06-15 04:05:39 --> Session: Class initialized using 'CodeIgniter\Session\Handlers\FileHandler' driver.
DEBUG - 2026-06-15 04:14:30 --> Session: Class initialized using 'CodeIgniter\Session\Handlers\FileHandler' driver.
DEBUG - 2026-06-15 04:14:59 --> Session: Class initialized using 'CodeIgniter\Session\Handlers\FileHandler' driver.
DEBUG - 2026-06-15 04:15:20 --> Session: Class initialized using 'CodeIgniter\Session\Handlers\FileHandler' driver.
DEBUG - 2026-06-15 04:15:24 --> Session: Class initialized using 'CodeIgniter\Session\Handlers\FileHandler' driver.
DEBUG - 2026-06-15 04:15:33 --> Session: Class initialized using 'CodeIgniter\Session\Handlers\FileHandler' driver.
DEBUG - 2026-06-15 04:15:42 --> Session: Class initialized using 'CodeIgniter\Session\Handlers\FileHandler' driver.
DEBUG - 2026-06-15 04:24:24 --> Session: Class initialized using 'CodeIgniter\Session\Handlers\FileHandler' driver.
DEBUG - 2026-06-15 04:24:24 --> Session: Class initialized using 'CodeIgniter\Session\Handlers\FileHandler' driver.
DEBUG - 2026-06-15 04:27:24 --> Session: Class initialized using 'CodeIgniter\Session\Handlers\FileHandler' driver.
DEBUG - 2026-06-15 04:27:24 --> Session: Class initialized using 'CodeIgniter\Session\Handlers\FileHandler' driver.
DEBUG - 2026-06-15 04:38:44 --> Session: Class initialized using 'CodeIgniter\Session\Handlers\FileHandler' driver.
DEBUG - 2026-06-15 04:38:44 --> Session: Class initialized using 'CodeIgniter\Session\Handlers\FileHandler' driver.
ERROR - 2026-06-15 04:38:44 --> Unknown column 'product.deleted_at' in 'where clause'
in SYSTEMPATH\Database\MySQLi\Connection.php on line 300.
 1 SYSTEMPATH\Database\MySQLi\Connection.php(300): mysqli->query('SELECT *
FROM `product`
WHERE `product`.`deleted_at` IS NULL', 0)
 2 SYSTEMPATH\Database\BaseConnection.php(908): CodeIgniter\Database\MySQLi\Connection->execute('SELECT *
FROM `product`
WHERE `product`.`deleted_at` IS NULL')
 3 SYSTEMPATH\Database\BaseConnection.php(825): CodeIgniter\Database\BaseConnection->simpleQuery('SELECT *
FROM `product`
WHERE `product`.`deleted_at` IS NULL')
 4 SYSTEMPATH\Database\BaseBuilder.php(1647): CodeIgniter\Database\BaseConnection->query('SELECT *
FROM `product`
WHERE `product`.`deleted_at` IS NULL', [], false)
 5 SYSTEMPATH\Model.php(255): CodeIgniter\Database\BaseBuilder->get()
 6 SYSTEMPATH\BaseModel.php(676): CodeIgniter\Model->doFindAll(0, 0)
 7 APPPATH\Controllers\ProdukController.php(24): CodeIgniter\BaseModel->findAll()
 8 SYSTEMPATH\CodeIgniter.php(974): App\Controllers\ProdukController->index()
 9 SYSTEMPATH\CodeIgniter.php(520): CodeIgniter\CodeIgniter->runController(Object(App\Controllers\ProdukController))
10 SYSTEMPATH\CodeIgniter.php(363): CodeIgniter\CodeIgniter->handleRequest(null, Object(Config\Cache), false)
11 SYSTEMPATH\Boot.php(417): CodeIgniter\CodeIgniter->run()
12 SYSTEMPATH\Boot.php(68): CodeIgniter\Boot::runCodeIgniter(Object(CodeIgniter\CodeIgniter))
13 FCPATH\index.php(59): CodeIgniter\Boot::bootWeb(Object(Config\Paths))
14 SYSTEMPATH\rewrite.php(44): require_once('C:\\xampp\\htdocs\\ci-nurantik\\public\\index.php')
CRITICAL - 2026-06-15 04:38:44 --> CodeIgniter\Database\Exceptions\DatabaseException: Unknown column 'product.deleted_at' in 'where clause'
[Method: GET, Route: produk]
in SYSTEMPATH\Database\BaseConnection.php on line 863.
 1 SYSTEMPATH\Database\BaseBuilder.php(1647): CodeIgniter\Database\BaseConnection->query('SELECT *
FROM `product`
WHERE `product`.`deleted_at` IS NULL', [], false)
 2 SYSTEMPATH\Model.php(255): CodeIgniter\Database\BaseBuilder->get()
 3 SYSTEMPATH\BaseModel.php(676): CodeIgniter\Model->doFindAll(0, 0)
 4 APPPATH\Controllers\ProdukController.php(24): CodeIgniter\BaseModel->findAll()
 5 SYSTEMPATH\CodeIgniter.php(974): App\Controllers\ProdukController->index()
 6 SYSTEMPATH\CodeIgniter.php(520): CodeIgniter\CodeIgniter->runController(Object(App\Controllers\ProdukController))
 7 SYSTEMPATH\CodeIgniter.php(363): CodeIgniter\CodeIgniter->handleRequest(null, Object(Config\Cache), false)
 8 SYSTEMPATH\Boot.php(417): CodeIgniter\CodeIgniter->run()
 9 SYSTEMPATH\Boot.php(68): CodeIgniter\Boot::runCodeIgniter(Object(CodeIgniter\CodeIgniter))
10 FCPATH\index.php(59): CodeIgniter\Boot::bootWeb(Object(Config\Paths))
11 SYSTEMPATH\rewrite.php(44): require_once('C:\\xampp\\htdocs\\ci-nurantik\\public\\index.php')
CRITICAL - 2026-06-15 04:38:44 --> [Caused by] CodeIgniter\Database\Exceptions\DatabaseException: Unknown column 'product.deleted_at' in 'where clause'
in SYSTEMPATH\Database\MySQLi\Connection.php on line 310.
 1 SYSTEMPATH\Database\BaseConnection.php(908): CodeIgniter\Database\MySQLi\Connection->execute('SELECT *
FROM `product`
WHERE `product`.`deleted_at` IS NULL')
 2 SYSTEMPATH\Database\BaseConnection.php(825): CodeIgniter\Database\BaseConnection->simpleQuery('SELECT *
FROM `product`
WHERE `product`.`deleted_at` IS NULL')
 3 SYSTEMPATH\Database\BaseBuilder.php(1647): CodeIgniter\Database\BaseConnection->query('SELECT *
FROM `product`
WHERE `product`.`deleted_at` IS NULL', [], false)
 4 SYSTEMPATH\Model.php(255): CodeIgniter\Database\BaseBuilder->get()
 5 SYSTEMPATH\BaseModel.php(676): CodeIgniter\Model->doFindAll(0, 0)
 6 APPPATH\Controllers\ProdukController.php(24): CodeIgniter\BaseModel->findAll()
 7 SYSTEMPATH\CodeIgniter.php(974): App\Controllers\ProdukController->index()
 8 SYSTEMPATH\CodeIgniter.php(520): CodeIgniter\CodeIgniter->runController(Object(App\Controllers\ProdukController))
 9 SYSTEMPATH\CodeIgniter.php(363): CodeIgniter\CodeIgniter->handleRequest(null, Object(Config\Cache), false)
10 SYSTEMPATH\Boot.php(417): CodeIgniter\CodeIgniter->run()
11 SYSTEMPATH\Boot.php(68): CodeIgniter\Boot::runCodeIgniter(Object(CodeIgniter\CodeIgniter))
12 FCPATH\index.php(59): CodeIgniter\Boot::bootWeb(Object(Config\Paths))
13 SYSTEMPATH\rewrite.php(44): require_once('C:\\xampp\\htdocs\\ci-nurantik\\public\\index.php')
CRITICAL - 2026-06-15 04:38:44 --> [Caused by] mysqli_sql_exception: Unknown column 'product.deleted_at' in 'where clause'
in SYSTEMPATH\Database\MySQLi\Connection.php on line 300.
 1 SYSTEMPATH\Database\MySQLi\Connection.php(300): mysqli->query('SELECT *
FROM `product`
WHERE `product`.`deleted_at` IS NULL', 0)
 2 SYSTEMPATH\Database\BaseConnection.php(908): CodeIgniter\Database\MySQLi\Connection->execute('SELECT *
FROM `product`
WHERE `product`.`deleted_at` IS NULL')
 3 SYSTEMPATH\Database\BaseConnection.php(825): CodeIgniter\Database\BaseConnection->simpleQuery('SELECT *
FROM `product`
WHERE `product`.`deleted_at` IS NULL')
 4 SYSTEMPATH\Database\BaseBuilder.php(1647): CodeIgniter\Database\BaseConnection->query('SELECT *
FROM `product`
WHERE `product`.`deleted_at` IS NULL', [], false)
 5 SYSTEMPATH\Model.php(255): CodeIgniter\Database\BaseBuilder->get()
 6 SYSTEMPATH\BaseModel.php(676): CodeIgniter\Model->doFindAll(0, 0)
 7 APPPATH\Controllers\ProdukController.php(24): CodeIgniter\BaseModel->findAll()
 8 SYSTEMPATH\CodeIgniter.php(974): App\Controllers\ProdukController->index()
 9 SYSTEMPATH\CodeIgniter.php(520): CodeIgniter\CodeIgniter->runController(Object(App\Controllers\ProdukController))
10 SYSTEMPATH\CodeIgniter.php(363): CodeIgniter\CodeIgniter->handleRequest(null, Object(Config\Cache), false)
11 SYSTEMPATH\Boot.php(417): CodeIgniter\CodeIgniter->run()
12 SYSTEMPATH\Boot.php(68): CodeIgniter\Boot::runCodeIgniter(Object(CodeIgniter\CodeIgniter))
13 FCPATH\index.php(59): CodeIgniter\Boot::bootWeb(Object(Config\Paths))
14 SYSTEMPATH\rewrite.php(44): require_once('C:\\xampp\\htdocs\\ci-nurantik\\public\\index.php')
DEBUG - 2026-06-15 04:42:46 --> Session: Class initialized using 'CodeIgniter\Session\Handlers\FileHandler' driver.
DEBUG - 2026-06-15 04:42:54 --> Session: Class initialized using 'CodeIgniter\Session\Handlers\FileHandler' driver.
DEBUG - 2026-06-15 04:42:54 --> Session: Class initialized using 'CodeIgniter\Session\Handlers\FileHandler' driver.
DEBUG - 2026-06-15 04:43:10 --> Session: Class initialized using 'CodeIgniter\Session\Handlers\FileHandler' driver.
DEBUG - 2026-06-15 04:43:11 --> Session: Class initialized using 'CodeIgniter\Session\Handlers\FileHandler' driver.
DEBUG - 2026-06-15 05:07:06 --> Session: Class initialized using 'CodeIgniter\Session\Handlers\FileHandler' driver.
DEBUG - 2026-06-15 05:07:21 --> Session: Class initialized using 'CodeIgniter\Session\Handlers\FileHandler' driver.
DEBUG - 2026-06-15 05:54:43 --> Session: Class initialized using 'CodeIgniter\Session\Handlers\FileHandler' driver.
DEBUG - 2026-06-15 05:54:46 --> Session: Class initialized using 'CodeIgniter\Session\Handlers\FileHandler' driver.
DEBUG - 2026-06-15 05:54:48 --> Session: Class initialized using 'CodeIgniter\Session\Handlers\FileHandler' driver.
CRITICAL - 2026-06-15 05:54:48 --> Error: Call to undefined function form_open()
[Method: GET, Route: /]
in APPPATH\Views\v_home.php on line 7.
 1 SYSTEMPATH\View\View.php(240): include()
 2 SYSTEMPATH\View\View.php(243): CodeIgniter\View\View->CodeIgniter\View\{closure}()
 3 SYSTEMPATH\Common.php(1254): CodeIgniter\View\View->render('v_home', [], true)
 4 APPPATH\Controllers\Home.php(16): view('v_home', [...])
 5 SYSTEMPATH\CodeIgniter.php(974): App\Controllers\Home->index()
 6 SYSTEMPATH\CodeIgniter.php(520): CodeIgniter\CodeIgniter->runController(Object(App\Controllers\Home))
 7 SYSTEMPATH\CodeIgniter.php(363): CodeIgniter\CodeIgniter->handleRequest(null, Object(Config\Cache), false)
 8 SYSTEMPATH\Boot.php(417): CodeIgniter\CodeIgniter->run()
 9 SYSTEMPATH\Boot.php(68): CodeIgniter\Boot::runCodeIgniter(Object(CodeIgniter\CodeIgniter))
10 FCPATH\index.php(59): CodeIgniter\Boot::bootWeb(Object(Config\Paths))
11 SYSTEMPATH\rewrite.php(44): require_once('C:\\xampp\\htdocs\\ci-nurantik\\public\\index.php')
DEBUG - 2026-06-15 05:58:04 --> Session: Class initialized using 'CodeIgniter\Session\Handlers\FileHandler' driver.
CRITICAL - 2026-06-15 05:58:04 --> ErrorException: Undefined variable $data
[Method: GET, Route: /]
in APPPATH\Controllers\Home.php on line 16.
 1 APPPATH\Controllers\Home.php(16): CodeIgniter\Debug\Exceptions->errorHandler(2, 'Undefined variable $data', 'C:\\xampp\\htdocs\\ci-nurantik\\app\\Controllers\\Home.php', 16)
 2 SYSTEMPATH\CodeIgniter.php(974): App\Controllers\Home->index()
 3 SYSTEMPATH\CodeIgniter.php(520): CodeIgniter\CodeIgniter->runController(Object(App\Controllers\Home))
 4 SYSTEMPATH\CodeIgniter.php(363): CodeIgniter\CodeIgniter->handleRequest(null, Object(Config\Cache), false)
 5 SYSTEMPATH\Boot.php(417): CodeIgniter\CodeIgniter->run()
 6 SYSTEMPATH\Boot.php(68): CodeIgniter\Boot::runCodeIgniter(Object(CodeIgniter\CodeIgniter))
 7 FCPATH\index.php(59): CodeIgniter\Boot::bootWeb(Object(Config\Paths))
 8 SYSTEMPATH\rewrite.php(44): require_once('C:\\xampp\\htdocs\\ci-nurantik\\public\\index.php')
DEBUG - 2026-06-15 05:58:25 --> Session: Class initialized using 'CodeIgniter\Session\Handlers\FileHandler' driver.
CRITICAL - 2026-06-15 05:58:25 --> Error: Call to undefined function form_open()
[Method: GET, Route: /]
in APPPATH\Views\v_home.php on line 7.
 1 SYSTEMPATH\View\View.php(240): include()
 2 SYSTEMPATH\View\View.php(243): CodeIgniter\View\View->CodeIgniter\View\{closure}()
 3 SYSTEMPATH\Common.php(1254): CodeIgniter\View\View->render('v_home', [], true)
 4 APPPATH\Controllers\Home.php(16): view('v_home', [...])
 5 SYSTEMPATH\CodeIgniter.php(974): App\Controllers\Home->index()
 6 SYSTEMPATH\CodeIgniter.php(520): CodeIgniter\CodeIgniter->runController(Object(App\Controllers\Home))
 7 SYSTEMPATH\CodeIgniter.php(363): CodeIgniter\CodeIgniter->handleRequest(null, Object(Config\Cache), false)
 8 SYSTEMPATH\Boot.php(417): CodeIgniter\CodeIgniter->run()
 9 SYSTEMPATH\Boot.php(68): CodeIgniter\Boot::runCodeIgniter(Object(CodeIgniter\CodeIgniter))
10 FCPATH\index.php(59): CodeIgniter\Boot::bootWeb(Object(Config\Paths))
11 SYSTEMPATH\rewrite.php(44): require_once('C:\\xampp\\htdocs\\ci-nurantik\\public\\index.php')
DEBUG - 2026-06-15 05:58:30 --> Session: Class initialized using 'CodeIgniter\Session\Handlers\FileHandler' driver.
DEBUG - 2026-06-15 05:58:33 --> Session: Class initialized using 'CodeIgniter\Session\Handlers\FileHandler' driver.
CRITICAL - 2026-06-15 05:58:33 --> Error: Call to undefined function form_open()
[Method: GET, Route: /]
in APPPATH\Views\v_home.php on line 7.
 1 SYSTEMPATH\View\View.php(240): include()
 2 SYSTEMPATH\View\View.php(243): CodeIgniter\View\View->CodeIgniter\View\{closure}()
 3 SYSTEMPATH\Common.php(1254): CodeIgniter\View\View->render('v_home', [], true)
 4 APPPATH\Controllers\Home.php(16): view('v_home', [...])
 5 SYSTEMPATH\CodeIgniter.php(974): App\Controllers\Home->index()
 6 SYSTEMPATH\CodeIgniter.php(520): CodeIgniter\CodeIgniter->runController(Object(App\Controllers\Home))
 7 SYSTEMPATH\CodeIgniter.php(363): CodeIgniter\CodeIgniter->handleRequest(null, Object(Config\Cache), false)
 8 SYSTEMPATH\Boot.php(417): CodeIgniter\CodeIgniter->run()
 9 SYSTEMPATH\Boot.php(68): CodeIgniter\Boot::runCodeIgniter(Object(CodeIgniter\CodeIgniter))
10 FCPATH\index.php(59): CodeIgniter\Boot::bootWeb(Object(Config\Paths))
11 SYSTEMPATH\rewrite.php(44): require_once('C:\\xampp\\htdocs\\ci-nurantik\\public\\index.php')
DEBUG - 2026-06-15 05:58:37 --> Session: Class initialized using 'CodeIgniter\Session\Handlers\FileHandler' driver.
DEBUG - 2026-06-15 05:58:40 --> Session: Class initialized using 'CodeIgniter\Session\Handlers\FileHandler' driver.
DEBUG - 2026-06-15 05:59:36 --> Session: Class initialized using 'CodeIgniter\Session\Handlers\FileHandler' driver.
DEBUG - 2026-06-15 05:59:38 --> Session: Class initialized using 'CodeIgniter\Session\Handlers\FileHandler' driver.
CRITICAL - 2026-06-15 05:59:38 --> Error: Call to undefined function form_open()
[Method: GET, Route: /]
in APPPATH\Views\v_home.php on line 19.
 1 SYSTEMPATH\View\View.php(240): include()
 2 SYSTEMPATH\View\View.php(243): CodeIgniter\View\View->CodeIgniter\View\{closure}()
 3 SYSTEMPATH\Common.php(1254): CodeIgniter\View\View->render('v_home', [], true)
 4 APPPATH\Controllers\Home.php(16): view('v_home', [...])
 5 SYSTEMPATH\CodeIgniter.php(974): App\Controllers\Home->index()
 6 SYSTEMPATH\CodeIgniter.php(520): CodeIgniter\CodeIgniter->runController(Object(App\Controllers\Home))
 7 SYSTEMPATH\CodeIgniter.php(363): CodeIgniter\CodeIgniter->handleRequest(null, Object(Config\Cache), false)
 8 SYSTEMPATH\Boot.php(417): CodeIgniter\CodeIgniter->run()
 9 SYSTEMPATH\Boot.php(68): CodeIgniter\Boot::runCodeIgniter(Object(CodeIgniter\CodeIgniter))
10 FCPATH\index.php(59): CodeIgniter\Boot::bootWeb(Object(Config\Paths))
11 SYSTEMPATH\rewrite.php(44): require_once('C:\\xampp\\htdocs\\ci-nurantik\\public\\index.php')
DEBUG - 2026-06-15 06:03:05 --> Session: Class initialized using 'CodeIgniter\Session\Handlers\FileHandler' driver.
DEBUG - 2026-06-15 06:10:53 --> Session: Class initialized using 'CodeIgniter\Session\Handlers\FileHandler' driver.
DEBUG - 2026-06-15 06:10:57 --> Session: Class initialized using 'CodeIgniter\Session\Handlers\FileHandler' driver.
CRITICAL - 2026-06-15 06:10:57 --> Error: Class "JasonN\Cart\Cart" not found
[Method: POST, Route: keranjang]
in VENDORPATH\jason-napolitano\codeigniter4-cart-module\src\Config\Services.php on line 35.
 1 SYSTEMPATH\Config\BaseService.php(325): CodeIgniterCart\Config\Services::cart(false)
 2 SYSTEMPATH\Config\BaseService.php(264): CodeIgniter\Config\BaseService::__callStatic('cart', [...])
 3 VENDORPATH\jason-napolitano\codeigniter4-cart-module\src\Config\Services.php(33): CodeIgniter\Config\BaseService::getSharedInstance('cart')
 4 SYSTEMPATH\Config\BaseService.php(334): CodeIgniterCart\Config\Services::cart()
 5 SYSTEMPATH\Config\BaseService.php(203): CodeIgniter\Config\BaseService::__callStatic('cart', [])
 6 SYSTEMPATH\Common.php(1082): CodeIgniter\Config\BaseService::get('cart')
 7 APPPATH\Controllers\TransaksiController.php(16): service('cart')
 8 SYSTEMPATH\CodeIgniter.php(944): App\Controllers\TransaksiController->__construct()
 9 SYSTEMPATH\CodeIgniter.php(511): CodeIgniter\CodeIgniter->createController()
10 SYSTEMPATH\CodeIgniter.php(363): CodeIgniter\CodeIgniter->handleRequest(null, Object(Config\Cache), false)
11 SYSTEMPATH\Boot.php(417): CodeIgniter\CodeIgniter->run()
12 SYSTEMPATH\Boot.php(68): CodeIgniter\Boot::runCodeIgniter(Object(CodeIgniter\CodeIgniter))
13 FCPATH\index.php(59): CodeIgniter\Boot::bootWeb(Object(Config\Paths))
14 SYSTEMPATH\rewrite.php(44): require_once('C:\\xampp\\htdocs\\ci-nurantik\\public\\index.php')
DEBUG - 2026-06-15 06:21:46 --> Session: Class initialized using 'CodeIgniter\Session\Handlers\FileHandler' driver.
CRITICAL - 2026-06-15 06:21:46 --> Error: Class "JasonN\Cart\Cart" not found
[Method: POST, Route: keranjang]
in VENDORPATH\jason-napolitano\codeigniter4-cart-module\src\Config\Services.php on line 35.
 1 SYSTEMPATH\Config\BaseService.php(325): CodeIgniterCart\Config\Services::cart(false)
 2 SYSTEMPATH\Config\BaseService.php(264): CodeIgniter\Config\BaseService::__callStatic('cart', [...])
 3 VENDORPATH\jason-napolitano\codeigniter4-cart-module\src\Config\Services.php(33): CodeIgniter\Config\BaseService::getSharedInstance('cart')
 4 SYSTEMPATH\Config\BaseService.php(334): CodeIgniterCart\Config\Services::cart()
 5 SYSTEMPATH\Config\BaseService.php(203): CodeIgniter\Config\BaseService::__callStatic('cart', [])
 6 SYSTEMPATH\Common.php(1082): CodeIgniter\Config\BaseService::get('cart')
 7 APPPATH\Controllers\TransaksiController.php(16): service('cart')
 8 SYSTEMPATH\CodeIgniter.php(944): App\Controllers\TransaksiController->__construct()
 9 SYSTEMPATH\CodeIgniter.php(511): CodeIgniter\CodeIgniter->createController()
10 SYSTEMPATH\CodeIgniter.php(363): CodeIgniter\CodeIgniter->handleRequest(null, Object(Config\Cache), false)
11 SYSTEMPATH\Boot.php(417): CodeIgniter\CodeIgniter->run()
12 SYSTEMPATH\Boot.php(68): CodeIgniter\Boot::runCodeIgniter(Object(CodeIgniter\CodeIgniter))
13 FCPATH\index.php(59): CodeIgniter\Boot::bootWeb(Object(Config\Paths))
14 SYSTEMPATH\rewrite.php(44): require_once('C:\\xampp\\htdocs\\ci-nurantik\\public\\index.php')
DEBUG - 2026-06-15 06:24:39 --> Session: Class initialized using 'CodeIgniter\Session\Handlers\FileHandler' driver.
DEBUG - 2026-06-15 06:24:43 --> Session: Class initialized using 'CodeIgniter\Session\Handlers\FileHandler' driver.
CRITICAL - 2026-06-15 06:24:43 --> Error: Class "JasonN\Cart\Cart" not found
[Method: GET, Route: keranjang]
in VENDORPATH\jason-napolitano\codeigniter4-cart-module\src\Config\Services.php on line 35.
 1 SYSTEMPATH\Config\BaseService.php(325): CodeIgniterCart\Config\Services::cart(false)
 2 SYSTEMPATH\Config\BaseService.php(264): CodeIgniter\Config\BaseService::__callStatic('cart', [...])
 3 VENDORPATH\jason-napolitano\codeigniter4-cart-module\src\Config\Services.php(33): CodeIgniter\Config\BaseService::getSharedInstance('cart')
 4 SYSTEMPATH\Config\BaseService.php(334): CodeIgniterCart\Config\Services::cart()
 5 SYSTEMPATH\Config\BaseService.php(203): CodeIgniter\Config\BaseService::__callStatic('cart', [])
 6 SYSTEMPATH\Common.php(1082): CodeIgniter\Config\BaseService::get('cart')
 7 APPPATH\Controllers\TransaksiController.php(16): service('cart')
 8 SYSTEMPATH\CodeIgniter.php(944): App\Controllers\TransaksiController->__construct()
 9 SYSTEMPATH\CodeIgniter.php(511): CodeIgniter\CodeIgniter->createController()
10 SYSTEMPATH\CodeIgniter.php(363): CodeIgniter\CodeIgniter->handleRequest(null, Object(Config\Cache), false)
11 SYSTEMPATH\Boot.php(417): CodeIgniter\CodeIgniter->run()
12 SYSTEMPATH\Boot.php(68): CodeIgniter\Boot::runCodeIgniter(Object(CodeIgniter\CodeIgniter))
13 FCPATH\index.php(59): CodeIgniter\Boot::bootWeb(Object(Config\Paths))
14 SYSTEMPATH\rewrite.php(44): require_once('C:\\xampp\\htdocs\\ci-nurantik\\public\\index.php')
DEBUG - 2026-06-15 06:29:36 --> Session: Class initialized using 'CodeIgniter\Session\Handlers\FileHandler' driver.
CRITICAL - 2026-06-15 06:29:36 --> Error: Class "JasonN\Cart\Cart" not found
[Method: GET, Route: keranjang]
in VENDORPATH\jason-napolitano\codeigniter4-cart-module\src\Config\Services.php on line 35.
 1 SYSTEMPATH\Config\BaseService.php(325): CodeIgniterCart\Config\Services::cart(false)
 2 SYSTEMPATH\Config\BaseService.php(264): CodeIgniter\Config\BaseService::__callStatic('cart', [...])
 3 VENDORPATH\jason-napolitano\codeigniter4-cart-module\src\Config\Services.php(33): CodeIgniter\Config\BaseService::getSharedInstance('cart')
 4 SYSTEMPATH\Config\BaseService.php(334): CodeIgniterCart\Config\Services::cart()
 5 SYSTEMPATH\Config\BaseService.php(203): CodeIgniter\Config\BaseService::__callStatic('cart', [])
 6 SYSTEMPATH\Common.php(1082): CodeIgniter\Config\BaseService::get('cart')
 7 APPPATH\Controllers\TransaksiController.php(16): service('cart')
 8 SYSTEMPATH\CodeIgniter.php(944): App\Controllers\TransaksiController->__construct()
 9 SYSTEMPATH\CodeIgniter.php(511): CodeIgniter\CodeIgniter->createController()
10 SYSTEMPATH\CodeIgniter.php(363): CodeIgniter\CodeIgniter->handleRequest(null, Object(Config\Cache), false)
11 SYSTEMPATH\Boot.php(417): CodeIgniter\CodeIgniter->run()
12 SYSTEMPATH\Boot.php(68): CodeIgniter\Boot::runCodeIgniter(Object(CodeIgniter\CodeIgniter))
13 FCPATH\index.php(59): CodeIgniter\Boot::bootWeb(Object(Config\Paths))
14 SYSTEMPATH\rewrite.php(44): require_once('C:\\xampp\\htdocs\\ci-nurantik\\public\\index.php')
DEBUG - 2026-06-15 06:31:32 --> Session: Class initialized using 'CodeIgniter\Session\Handlers\FileHandler' driver.
CRITICAL - 2026-06-15 06:31:32 --> Error: Class "JasonN\Cart\Cart" not found
[Method: GET, Route: keranjang]
in VENDORPATH\jason-napolitano\codeigniter4-cart-module\src\Config\Services.php on line 35.
 1 SYSTEMPATH\Config\BaseService.php(325): CodeIgniterCart\Config\Services::cart(false)
 2 SYSTEMPATH\Config\BaseService.php(264): CodeIgniter\Config\BaseService::__callStatic('cart', [...])
 3 VENDORPATH\jason-napolitano\codeigniter4-cart-module\src\Config\Services.php(33): CodeIgniter\Config\BaseService::getSharedInstance('cart')
 4 SYSTEMPATH\Config\BaseService.php(334): CodeIgniterCart\Config\Services::cart()
 5 SYSTEMPATH\Config\BaseService.php(203): CodeIgniter\Config\BaseService::__callStatic('cart', [])
 6 SYSTEMPATH\Common.php(1082): CodeIgniter\Config\BaseService::get('cart')
 7 APPPATH\Controllers\TransaksiController.php(16): service('cart')
 8 SYSTEMPATH\CodeIgniter.php(944): App\Controllers\TransaksiController->__construct()
 9 SYSTEMPATH\CodeIgniter.php(511): CodeIgniter\CodeIgniter->createController()
10 SYSTEMPATH\CodeIgniter.php(363): CodeIgniter\CodeIgniter->handleRequest(null, Object(Config\Cache), false)
11 SYSTEMPATH\Boot.php(417): CodeIgniter\CodeIgniter->run()
12 SYSTEMPATH\Boot.php(68): CodeIgniter\Boot::runCodeIgniter(Object(CodeIgniter\CodeIgniter))
13 FCPATH\index.php(59): CodeIgniter\Boot::bootWeb(Object(Config\Paths))
14 SYSTEMPATH\rewrite.php(44): require_once('C:\\xampp\\htdocs\\ci-nurantik\\public\\index.php')
DEBUG - 2026-06-15 06:31:34 --> Session: Class initialized using 'CodeIgniter\Session\Handlers\FileHandler' driver.
DEBUG - 2026-06-15 06:31:36 --> Session: Class initialized using 'CodeIgniter\Session\Handlers\FileHandler' driver.
CRITICAL - 2026-06-15 06:31:36 --> Error: Class "JasonN\Cart\Cart" not found
[Method: GET, Route: keranjang]
in VENDORPATH\jason-napolitano\codeigniter4-cart-module\src\Config\Services.php on line 35.
 1 SYSTEMPATH\Config\BaseService.php(325): CodeIgniterCart\Config\Services::cart(false)
 2 SYSTEMPATH\Config\BaseService.php(264): CodeIgniter\Config\BaseService::__callStatic('cart', [...])
 3 VENDORPATH\jason-napolitano\codeigniter4-cart-module\src\Config\Services.php(33): CodeIgniter\Config\BaseService::getSharedInstance('cart')
 4 SYSTEMPATH\Config\BaseService.php(334): CodeIgniterCart\Config\Services::cart()
 5 SYSTEMPATH\Config\BaseService.php(203): CodeIgniter\Config\BaseService::__callStatic('cart', [])
 6 SYSTEMPATH\Common.php(1082): CodeIgniter\Config\BaseService::get('cart')
 7 APPPATH\Controllers\TransaksiController.php(16): service('cart')
 8 SYSTEMPATH\CodeIgniter.php(944): App\Controllers\TransaksiController->__construct()
 9 SYSTEMPATH\CodeIgniter.php(511): CodeIgniter\CodeIgniter->createController()
10 SYSTEMPATH\CodeIgniter.php(363): CodeIgniter\CodeIgniter->handleRequest(null, Object(Config\Cache), false)
11 SYSTEMPATH\Boot.php(417): CodeIgniter\CodeIgniter->run()
12 SYSTEMPATH\Boot.php(68): CodeIgniter\Boot::runCodeIgniter(Object(CodeIgniter\CodeIgniter))
13 FCPATH\index.php(59): CodeIgniter\Boot::bootWeb(Object(Config\Paths))
14 SYSTEMPATH\rewrite.php(44): require_once('C:\\xampp\\htdocs\\ci-nurantik\\public\\index.php')
DEBUG - 2026-06-15 06:35:01 --> Session: Class initialized using 'CodeIgniter\Session\Handlers\FileHandler' driver.
CRITICAL - 2026-06-15 06:35:01 --> Error: Class "Config\Cart" not found
[Method: GET, Route: keranjang]
in APPPATH\Controllers\TransaksiController.php on line 18.
 1 SYSTEMPATH\CodeIgniter.php(944): App\Controllers\TransaksiController->__construct()
 2 SYSTEMPATH\CodeIgniter.php(511): CodeIgniter\CodeIgniter->createController()
 3 SYSTEMPATH\CodeIgniter.php(363): CodeIgniter\CodeIgniter->handleRequest(null, Object(Config\Cache), false)
 4 SYSTEMPATH\Boot.php(417): CodeIgniter\CodeIgniter->run()
 5 SYSTEMPATH\Boot.php(68): CodeIgniter\Boot::runCodeIgniter(Object(CodeIgniter\CodeIgniter))
 6 FCPATH\index.php(59): CodeIgniter\Boot::bootWeb(Object(Config\Paths))
 7 SYSTEMPATH\rewrite.php(44): require_once('C:\\xampp\\htdocs\\ci-nurantik\\public\\index.php')
DEBUG - 2026-06-15 06:42:55 --> Session: Class initialized using 'CodeIgniter\Session\Handlers\FileHandler' driver.
CRITICAL - 2026-06-15 06:42:55 --> Error: Class "JasonN\Cart\Cart" not found
[Method: GET, Route: keranjang]
in VENDORPATH\jason-napolitano\codeigniter4-cart-module\src\Config\Services.php on line 35.
 1 SYSTEMPATH\Config\BaseService.php(325): CodeIgniterCart\Config\Services::cart(false)
 2 SYSTEMPATH\Config\BaseService.php(264): CodeIgniter\Config\BaseService::__callStatic('cart', [...])
 3 VENDORPATH\jason-napolitano\codeigniter4-cart-module\src\Config\Services.php(33): CodeIgniter\Config\BaseService::getSharedInstance('cart')
 4 SYSTEMPATH\Config\BaseService.php(334): CodeIgniterCart\Config\Services::cart()
 5 SYSTEMPATH\Config\BaseService.php(203): CodeIgniter\Config\BaseService::__callStatic('cart', [])
 6 SYSTEMPATH\Common.php(1082): CodeIgniter\Config\BaseService::get('cart')
 7 APPPATH\Controllers\TransaksiController.php(17): service('cart')
 8 SYSTEMPATH\CodeIgniter.php(944): App\Controllers\TransaksiController->__construct()
 9 SYSTEMPATH\CodeIgniter.php(511): CodeIgniter\CodeIgniter->createController()
10 SYSTEMPATH\CodeIgniter.php(363): CodeIgniter\CodeIgniter->handleRequest(null, Object(Config\Cache), false)
11 SYSTEMPATH\Boot.php(417): CodeIgniter\CodeIgniter->run()
12 SYSTEMPATH\Boot.php(68): CodeIgniter\Boot::runCodeIgniter(Object(CodeIgniter\CodeIgniter))
13 FCPATH\index.php(59): CodeIgniter\Boot::bootWeb(Object(Config\Paths))
14 SYSTEMPATH\rewrite.php(44): require_once('C:\\xampp\\htdocs\\ci-nurantik\\public\\index.php')
DEBUG - 2026-06-15 06:43:16 --> Session: Class initialized using 'CodeIgniter\Session\Handlers\FileHandler' driver.
DEBUG - 2026-06-15 06:43:24 --> Session: Class initialized using 'CodeIgniter\Session\Handlers\FileHandler' driver.
DEBUG - 2026-06-15 06:43:24 --> Session: Class initialized using 'CodeIgniter\Session\Handlers\FileHandler' driver.
DEBUG - 2026-06-15 06:43:34 --> Session: Class initialized using 'CodeIgniter\Session\Handlers\FileHandler' driver.
DEBUG - 2026-06-15 06:43:34 --> Session: Class initialized using 'CodeIgniter\Session\Handlers\FileHandler' driver.
DEBUG - 2026-06-15 06:43:41 --> Session: Class initialized using 'CodeIgniter\Session\Handlers\FileHandler' driver.
DEBUG - 2026-06-15 06:43:42 --> Session: Class initialized using 'CodeIgniter\Session\Handlers\FileHandler' driver.
DEBUG - 2026-06-15 06:43:44 --> Session: Class initialized using 'CodeIgniter\Session\Handlers\FileHandler' driver.
CRITICAL - 2026-06-15 06:43:44 --> Error: Class "JasonN\Cart\Cart" not found
[Method: GET, Route: keranjang]
in VENDORPATH\jason-napolitano\codeigniter4-cart-module\src\Config\Services.php on line 35.
 1 SYSTEMPATH\Config\BaseService.php(325): CodeIgniterCart\Config\Services::cart(false)
 2 SYSTEMPATH\Config\BaseService.php(264): CodeIgniter\Config\BaseService::__callStatic('cart', [...])
 3 VENDORPATH\jason-napolitano\codeigniter4-cart-module\src\Config\Services.php(33): CodeIgniter\Config\BaseService::getSharedInstance('cart')
 4 SYSTEMPATH\Config\BaseService.php(334): CodeIgniterCart\Config\Services::cart()
 5 SYSTEMPATH\Config\BaseService.php(203): CodeIgniter\Config\BaseService::__callStatic('cart', [])
 6 SYSTEMPATH\Common.php(1082): CodeIgniter\Config\BaseService::get('cart')
 7 APPPATH\Controllers\TransaksiController.php(17): service('cart')
 8 SYSTEMPATH\CodeIgniter.php(944): App\Controllers\TransaksiController->__construct()
 9 SYSTEMPATH\CodeIgniter.php(511): CodeIgniter\CodeIgniter->createController()
10 SYSTEMPATH\CodeIgniter.php(363): CodeIgniter\CodeIgniter->handleRequest(null, Object(Config\Cache), false)
11 SYSTEMPATH\Boot.php(417): CodeIgniter\CodeIgniter->run()
12 SYSTEMPATH\Boot.php(68): CodeIgniter\Boot::runCodeIgniter(Object(CodeIgniter\CodeIgniter))
13 FCPATH\index.php(59): CodeIgniter\Boot::bootWeb(Object(Config\Paths))
14 SYSTEMPATH\rewrite.php(44): require_once('C:\\xampp\\htdocs\\ci-nurantik\\public\\index.php')
DEBUG - 2026-06-15 06:48:28 --> Session: Class initialized using 'CodeIgniter\Session\Handlers\FileHandler' driver.
CRITICAL - 2026-06-15 06:48:28 --> Error: Class "JasonN\Cart\Cart" not found
[Method: GET, Route: keranjang]
in VENDORPATH\jason-napolitano\codeigniter4-cart-module\src\Config\Services.php on line 35.
 1 SYSTEMPATH\Config\BaseService.php(325): CodeIgniterCart\Config\Services::cart(false)
 2 SYSTEMPATH\Config\BaseService.php(264): CodeIgniter\Config\BaseService::__callStatic('cart', [...])
 3 VENDORPATH\jason-napolitano\codeigniter4-cart-module\src\Config\Services.php(33): CodeIgniter\Config\BaseService::getSharedInstance('cart')
 4 SYSTEMPATH\Config\BaseService.php(334): CodeIgniterCart\Config\Services::cart()
 5 SYSTEMPATH\Config\BaseService.php(203): CodeIgniter\Config\BaseService::__callStatic('cart', [])
 6 SYSTEMPATH\Common.php(1082): CodeIgniter\Config\BaseService::get('cart')
 7 APPPATH\Controllers\TransaksiController.php(19): service('cart')
 8 SYSTEMPATH\CodeIgniter.php(944): App\Controllers\TransaksiController->__construct()
 9 SYSTEMPATH\CodeIgniter.php(511): CodeIgniter\CodeIgniter->createController()
10 SYSTEMPATH\CodeIgniter.php(363): CodeIgniter\CodeIgniter->handleRequest(null, Object(Config\Cache), false)
11 SYSTEMPATH\Boot.php(417): CodeIgniter\CodeIgniter->run()
12 SYSTEMPATH\Boot.php(68): CodeIgniter\Boot::runCodeIgniter(Object(CodeIgniter\CodeIgniter))
13 FCPATH\index.php(59): CodeIgniter\Boot::bootWeb(Object(Config\Paths))
14 SYSTEMPATH\rewrite.php(44): require_once('C:\\xampp\\htdocs\\ci-nurantik\\public\\index.php')
DEBUG - 2026-06-15 07:02:49 --> Session: Class initialized using 'CodeIgniter\Session\Handlers\FileHandler' driver.
DEBUG - 2026-06-15 07:02:52 --> Session: Class initialized using 'CodeIgniter\Session\Handlers\FileHandler' driver.
CRITICAL - 2026-06-15 07:02:52 --> Error: Class "JasonN\Cart\Cart" not found
[Method: GET, Route: keranjang]
in VENDORPATH\jason-napolitano\codeigniter4-cart-module\src\Config\Services.php on line 35.
 1 SYSTEMPATH\Config\BaseService.php(325): CodeIgniterCart\Config\Services::cart(false)
 2 SYSTEMPATH\Config\BaseService.php(264): CodeIgniter\Config\BaseService::__callStatic('cart', [...])
 3 VENDORPATH\jason-napolitano\codeigniter4-cart-module\src\Config\Services.php(33): CodeIgniter\Config\BaseService::getSharedInstance('cart')
 4 SYSTEMPATH\Config\BaseService.php(334): CodeIgniterCart\Config\Services::cart()
 5 SYSTEMPATH\Config\BaseService.php(203): CodeIgniter\Config\BaseService::__callStatic('cart', [])
 6 SYSTEMPATH\Common.php(1082): CodeIgniter\Config\BaseService::get('cart')
 7 APPPATH\Controllers\TransaksiController.php(18): service('cart')
 8 SYSTEMPATH\CodeIgniter.php(944): App\Controllers\TransaksiController->__construct()
 9 SYSTEMPATH\CodeIgniter.php(511): CodeIgniter\CodeIgniter->createController()
10 SYSTEMPATH\CodeIgniter.php(363): CodeIgniter\CodeIgniter->handleRequest(null, Object(Config\Cache), false)
11 SYSTEMPATH\Boot.php(417): CodeIgniter\CodeIgniter->run()
12 SYSTEMPATH\Boot.php(68): CodeIgniter\Boot::runCodeIgniter(Object(CodeIgniter\CodeIgniter))
13 FCPATH\index.php(59): CodeIgniter\Boot::bootWeb(Object(Config\Paths))
14 SYSTEMPATH\rewrite.php(44): require_once('C:\\xampp\\htdocs\\ci-nurantik\\public\\index.php')
DEBUG - 2026-06-15 07:05:52 --> Session: Class initialized using 'CodeIgniter\Session\Handlers\FileHandler' driver.
INFO - 2026-06-15 07:05:52 --> Cart Class Initialized
CRITICAL - 2026-06-15 07:05:52 --> TypeError: Cannot assign CodeIgniterCart\Cart to property App\Controllers\TransaksiController::$cart of type CodeIgniter\Cart\Cart
[Method: GET, Route: keranjang]
in APPPATH\Controllers\TransaksiController.php on line 18.
 1 SYSTEMPATH\CodeIgniter.php(944): App\Controllers\TransaksiController->__construct()
 2 SYSTEMPATH\CodeIgniter.php(511): CodeIgniter\CodeIgniter->createController()
 3 SYSTEMPATH\CodeIgniter.php(363): CodeIgniter\CodeIgniter->handleRequest(null, Object(Config\Cache), false)
 4 SYSTEMPATH\Boot.php(417): CodeIgniter\CodeIgniter->run()
 5 SYSTEMPATH\Boot.php(68): CodeIgniter\Boot::runCodeIgniter(Object(CodeIgniter\CodeIgniter))
 6 FCPATH\index.php(59): CodeIgniter\Boot::bootWeb(Object(Config\Paths))
 7 SYSTEMPATH\rewrite.php(44): require_once('C:\\xampp\\htdocs\\ci-nurantik\\public\\index.php')
DEBUG - 2026-06-15 07:07:35 --> Session: Class initialized using 'CodeIgniter\Session\Handlers\FileHandler' driver.
INFO - 2026-06-15 07:07:35 --> Cart Class Initialized
DEBUG - 2026-06-15 07:07:47 --> Session: Class initialized using 'CodeIgniter\Session\Handlers\FileHandler' driver.
DEBUG - 2026-06-15 07:07:48 --> Session: Class initialized using 'CodeIgniter\Session\Handlers\FileHandler' driver.
INFO - 2026-06-15 07:07:48 --> Cart Class Initialized
DEBUG - 2026-06-15 07:11:38 --> Session: Class initialized using 'CodeIgniter\Session\Handlers\FileHandler' driver.
INFO - 2026-06-15 07:11:38 --> Cart Class Initialized
DEBUG - 2026-06-15 07:11:59 --> Session: Class initialized using 'CodeIgniter\Session\Handlers\FileHandler' driver.
DEBUG - 2026-06-15 07:12:03 --> Session: Class initialized using 'CodeIgniter\Session\Handlers\FileHandler' driver.
INFO - 2026-06-15 07:12:03 --> Cart Class Initialized
DEBUG - 2026-06-15 07:12:03 --> Session: Class initialized using 'CodeIgniter\Session\Handlers\FileHandler' driver.
DEBUG - 2026-06-15 07:12:06 --> Session: Class initialized using 'CodeIgniter\Session\Handlers\FileHandler' driver.
INFO - 2026-06-15 07:12:06 --> Cart Class Initialized
DEBUG - 2026-06-15 07:12:40 --> Session: Class initialized using 'CodeIgniter\Session\Handlers\FileHandler' driver.
DEBUG - 2026-06-15 07:12:51 --> Session: Class initialized using 'CodeIgniter\Session\Handlers\FileHandler' driver.
DEBUG - 2026-06-15 07:12:52 --> Session: Class initialized using 'CodeIgniter\Session\Handlers\FileHandler' driver.
DEBUG - 2026-06-15 07:13:11 --> Session: Class initialized using 'CodeIgniter\Session\Handlers\FileHandler' driver.
INFO - 2026-06-15 07:13:11 --> Cart Class Initialized
DEBUG - 2026-06-15 07:13:11 --> Session: Class initialized using 'CodeIgniter\Session\Handlers\FileHandler' driver.
DEBUG - 2026-06-15 07:13:17 --> Session: Class initialized using 'CodeIgniter\Session\Handlers\FileHandler' driver.
INFO - 2026-06-15 07:13:17 --> Cart Class Initialized
DEBUG - 2026-06-15 07:14:36 --> Session: Class initialized using 'CodeIgniter\Session\Handlers\FileHandler' driver.
INFO - 2026-06-15 07:14:36 --> Cart Class Initialized
DEBUG - 2026-06-15 07:18:39 --> Session: Class initialized using 'CodeIgniter\Session\Handlers\FileHandler' driver.
INFO - 2026-06-15 07:18:39 --> Cart Class Initialized
DEBUG - 2026-06-15 07:20:10 --> Session: Class initialized using 'CodeIgniter\Session\Handlers\FileHandler' driver.
INFO - 2026-06-15 07:20:10 --> Cart Class Initialized
DEBUG - 2026-06-15 07:20:10 --> Session: Class initialized using 'CodeIgniter\Session\Handlers\FileHandler' driver.
INFO - 2026-06-15 07:20:10 --> Cart Class Initialized
DEBUG - 2026-06-15 07:21:50 --> Session: Class initialized using 'CodeIgniter\Session\Handlers\FileHandler' driver.
INFO - 2026-06-15 07:21:50 --> Cart Class Initialized
DEBUG - 2026-06-15 07:24:05 --> Session: Class initialized using 'CodeIgniter\Session\Handlers\FileHandler' driver.
INFO - 2026-06-15 07:24:05 --> Cart Class Initialized
DEBUG - 2026-06-15 07:24:07 --> Session: Class initialized using 'CodeIgniter\Session\Handlers\FileHandler' driver.
INFO - 2026-06-15 07:24:07 --> Cart Class Initialized
DEBUG - 2026-06-15 07:24:07 --> Session: Class initialized using 'CodeIgniter\Session\Handlers\FileHandler' driver.
INFO - 2026-06-15 07:24:07 --> Cart Class Initialized
DEBUG - 2026-06-15 07:27:33 --> Session: Class initialized using 'CodeIgniter\Session\Handlers\FileHandler' driver.
INFO - 2026-06-15 07:27:33 --> Cart Class Initialized
DEBUG - 2026-06-15 07:27:37 --> Session: Class initialized using 'CodeIgniter\Session\Handlers\FileHandler' driver.
DEBUG - 2026-06-15 07:27:39 --> Session: Class initialized using 'CodeIgniter\Session\Handlers\FileHandler' driver.
INFO - 2026-06-15 07:27:39 --> Cart Class Initialized
DEBUG - 2026-06-15 07:27:39 --> Session: Class initialized using 'CodeIgniter\Session\Handlers\FileHandler' driver.
DEBUG - 2026-06-15 07:27:41 --> Session: Class initialized using 'CodeIgniter\Session\Handlers\FileHandler' driver.
INFO - 2026-06-15 07:27:41 --> Cart Class Initialized
DEBUG - 2026-06-15 07:27:42 --> Session: Class initialized using 'CodeIgniter\Session\Handlers\FileHandler' driver.
DEBUG - 2026-06-15 07:27:44 --> Session: Class initialized using 'CodeIgniter\Session\Handlers\FileHandler' driver.
INFO - 2026-06-15 07:27:44 --> Cart Class Initialized
DEBUG - 2026-06-15 07:27:44 --> Session: Class initialized using 'CodeIgniter\Session\Handlers\FileHandler' driver.
DEBUG - 2026-06-15 07:27:46 --> Session: Class initialized using 'CodeIgniter\Session\Handlers\FileHandler' driver.
INFO - 2026-06-15 07:27:46 --> Cart Class Initialized
DEBUG - 2026-06-15 07:28:16 --> Session: Class initialized using 'CodeIgniter\Session\Handlers\FileHandler' driver.
INFO - 2026-06-15 07:28:16 --> Cart Class Initialized
DEBUG - 2026-06-15 07:28:16 --> Session: Class initialized using 'CodeIgniter\Session\Handlers\FileHandler' driver.
INFO - 2026-06-15 07:28:16 --> Cart Class Initialized
DEBUG - 2026-06-15 08:37:04 --> Session: Class initialized using 'CodeIgniter\Session\Handlers\FileHandler' driver.
DEBUG - 2026-06-15 08:37:11 --> Session: Class initialized using 'CodeIgniter\Session\Handlers\FileHandler' driver.
DEBUG - 2026-06-15 08:37:12 --> Session: Class initialized using 'CodeIgniter\Session\Handlers\FileHandler' driver.
DEBUG - 2026-06-15 08:37:20 --> Session: Class initialized using 'CodeIgniter\Session\Handlers\FileHandler' driver.
DEBUG - 2026-06-15 08:37:20 --> Session: Class initialized using 'CodeIgniter\Session\Handlers\FileHandler' driver.
DEBUG - 2026-06-15 08:37:23 --> Session: Class initialized using 'CodeIgniter\Session\Handlers\FileHandler' driver.
INFO - 2026-06-15 08:37:23 --> Cart Class Initialized
DEBUG - 2026-06-15 08:37:24 --> Session: Class initialized using 'CodeIgniter\Session\Handlers\FileHandler' driver.
